0 info it worked if it ends with ok
1 verbose cli [ '/usr/local/bin/node', '/usr/local/bin/npm', 'start' ]
2 info using npm@3.3.8
3 info using node@v4.0.0
4 verbose run-script [ 'prestart', 'start', 'poststart' ]
5 info lifecycle screen@~prestart: screen@
6 silly lifecycle screen@~prestart: no script for prestart, continuing
7 info lifecycle screen@~start: screen@
8 verbose lifecycle screen@~start: unsafe-perm in lifecycle true
9 verbose lifecycle screen@~start: PATH: /usr/local/lib/node_modules/npm/bin/node-gyp-bin:/Users/julian/hackdfw/screen/node_modules/.bin:/usr/bin:/bin:/usr/sbin:/sbin:/usr/local/bin
10 verbose lifecycle screen@~start: CWD: /Users/julian/hackdfw/screen
11 silly lifecycle screen@~start: Args: [ '-c', 'meteor run' ]
12 silly lifecycle screen@~start: Returned: code: 254  signal: null
13 info lifecycle screen@~start: Failed to exec start script
14 verbose stack Error: screen@ start: `meteor run`
14 verbose stack Exit status 254
14 verbose stack     at EventEmitter.<anonymous> (/usr/local/lib/node_modules/npm/lib/utils/lifecycle.js:233:16)
14 verbose stack     at emitTwo (events.js:87:13)
14 verbose stack     at EventEmitter.emit (events.js:172:7)
14 verbose stack     at ChildProcess.<anonymous> (/usr/local/lib/node_modules/npm/lib/utils/spawn.js:24:14)
14 verbose stack     at emitTwo (events.js:87:13)
14 verbose stack     at ChildProcess.emit (events.js:172:7)
14 verbose stack     at maybeClose (internal/child_process.js:817:16)
14 verbose stack     at Process.ChildProcess._handle.onexit (internal/child_process.js:211:5)
15 verbose pkgid screen@
16 verbose cwd /Users/julian/hackdfw/screen
17 error Darwin 15.3.0
18 error argv "/usr/local/bin/node" "/usr/local/bin/npm" "start"
19 error node v4.0.0
20 error npm  v3.3.8
21 error code ELIFECYCLE
22 error screen@ start: `meteor run`
22 error Exit status 254
23 error Failed at the screen@ start script 'meteor run'.
23 error This is most likely a problem with the screen package,
23 error not with npm itself.
23 error Tell the author that this fails on your system:
23 error     meteor run
23 error You can get their info via:
23 error     npm owner ls screen
23 error There is likely additional logging output above.
24 verbose exit [ 1, true ]
